<?xml version="1.0" encoding="UTF-8"?>
<testng-results ignored="0" total="4" passed="4" failed="0" skipped="0">
  <reporter-output>
  </reporter-output>
  <suite started-at="2023-05-12T09:51:43 IST" name="Default suite" finished-at="2023-05-12T09:51:51 IST" duration-ms="8157">
    <groups>
      <group name="cucumber">
        <method signature="AbstractTestNGCucumberTests.runScenario(io.cucumber.testng.PickleWrapper,io.cucumber.testng.FeatureWrapper)[pri:0, instance:com.runner.TestNg_Runner@fbd1f6]" name="runScenario" class="io.cucumber.testng.AbstractTestNGCucumberTests"/>
      </group> <!-- cucumber -->
    </groups>
    <test started-at="2023-05-12T09:51:43 IST" name="Default test" finished-at="2023-05-12T09:51:51 IST" duration-ms="8157">
      <class name="com.runner.TestNg_Runner">
        <test-method is-config="true" signature="setUpClass(org.testng.ITestContext)[pri:0, instance:com.runner.TestNg_Runner@fbd1f6]" started-at="2023-05-12T09:51:43 IST" name="setUpClass" finished-at="2023-05-12T09:51:43 IST" duration-ms="329" status="PASS">
          <params>
            <param index="0">
              <value>
                <![CDATA[org.testng.TestRunner@4c447c09]]>
              </value>
            </param>
          </params>
          <reporter-output>
          </reporter-output>
        </test-method> <!-- setUpClass -->
        <test-method is-config="true" signature="setUp()[pri:0, instance:com.runner.TestNg_Runner@fbd1f6]" started-at="2023-05-12T09:51:43 IST" name="setUp" finished-at="2023-05-12T09:51:47 IST" duration-ms="3313" status="PASS">
          <reporter-output>
          </reporter-output>
        </test-method> <!-- setUp -->
        <test-method signature="runScenario(io.cucumber.testng.PickleWrapper,io.cucumber.testng.FeatureWrapper)[pri:0, instance:com.runner.TestNg_Runner@fbd1f6]" started-at="2023-05-12T09:51:47 IST" name="runScenario" description="Runs Cucumber Scenarios" data-provider="scenarios" finished-at="2023-05-12T09:51:50 IST" duration-ms="3455" status="PASS">
          <params>
            <param index="0">
              <value>
                <![CDATA["User login"]]>
              </value>
            </param>
            <param index="1">
              <value>
                <![CDATA["Swag Labs Demo Site"]]>
              </value>
            </param>
          </params>
          <reporter-output>
          </reporter-output>
        </test-method> <!-- runScenario -->
        <test-method signature="runScenario(io.cucumber.testng.PickleWrapper,io.cucumber.testng.FeatureWrapper)[pri:0, instance:com.runner.TestNg_Runner@fbd1f6]" started-at="2023-05-12T09:51:50 IST" name="runScenario" description="Runs Cucumber Scenarios" data-provider="scenarios" finished-at="2023-05-12T09:51:50 IST" duration-ms="261" status="PASS">
          <params>
            <param index="0">
              <value>
                <![CDATA["User Add to cart"]]>
              </value>
            </param>
            <param index="1">
              <value>
                <![CDATA["Swag Labs Demo Site"]]>
              </value>
            </param>
          </params>
          <reporter-output>
          </reporter-output>
        </test-method> <!-- runScenario -->
        <test-method signature="runScenario(io.cucumber.testng.PickleWrapper,io.cucumber.testng.FeatureWrapper)[pri:0, instance:com.runner.TestNg_Runner@fbd1f6]" started-at="2023-05-12T09:51:50 IST" name="runScenario" description="Runs Cucumber Scenarios" data-provider="scenarios" finished-at="2023-05-12T09:51:51 IST" duration-ms="415" status="PASS">
          <params>
            <param index="0">
              <value>
                <![CDATA["User Information page"]]>
              </value>
            </param>
            <param index="1">
              <value>
                <![CDATA["Swag Labs Demo Site"]]>
              </value>
            </param>
          </params>
          <reporter-output>
          </reporter-output>
        </test-method> <!-- runScenario -->
        <test-method signature="runScenario(io.cucumber.testng.PickleWrapper,io.cucumber.testng.FeatureWrapper)[pri:0, instance:com.runner.TestNg_Runner@fbd1f6]" started-at="2023-05-12T09:51:51 IST" name="runScenario" description="Runs Cucumber Scenarios" data-provider="scenarios" finished-at="2023-05-12T09:51:51 IST" duration-ms="201" status="PASS">
          <params>
            <param index="0">
              <value>
                <![CDATA["User in overview page"]]>
              </value>
            </param>
            <param index="1">
              <value>
                <![CDATA["Swag Labs Demo Site"]]>
              </value>
            </param>
          </params>
          <reporter-output>
          </reporter-output>
        </test-method> <!-- runScenario -->
        <test-method is-config="true" signature="tearDownClass()[pri:0, instance:com.runner.TestNg_Runner@fbd1f6]" started-at="2023-05-12T09:51:51 IST" name="tearDownClass" finished-at="2023-05-12T09:51:51 IST" duration-ms="15" status="PASS">
          <reporter-output>
          </reporter-output>
        </test-method> <!-- tearDownClass -->
      </class> <!-- com.runner.TestNg_Runner -->
    </test> <!-- Default test -->
  </suite> <!-- Default suite -->
</testng-results>
